!SESSION 2017-11-08 10:25:17.444 -----------------------------------------------
eclipse.buildId=unknown
java.fullversion=JRE 1.7.0 IBM J9 2.6 Linux amd64-64 Compressed References 20150701_255667 (JIT enabled, AOT enabled)
J9VM - R26_Java726_SR9_20150701_0050_B255667
JIT  - tr.r11_20150626_95120.01
GC   - R26_Java726_SR9_20150701_0050_B255667_CMPRSS
J9CL - 20150701_255667
BootLoader constants: OS=linux, ARCH=x86_64, WS=gtk, NL=fr_FR
Command-line arguments:  -clean -nl fr_FR -configuration /autofs/netapp/account/cremi/abbinzagr/opl/.metadata/workspace_oplrun

!ENTRY ilog.odms.ide.opllang.remote 1 0 2017-11-08 10:25:17.444
!MESSAGE Run Configuration 1 in /autofs/netapp/account/cremi/abbinzagr/opl/TP1
!SESSION 2017-11-08 10:26:02.167 -----------------------------------------------
eclipse.buildId=unknown
java.fullversion=JRE 1.7.0 IBM J9 2.6 Linux amd64-64 Compressed References 20150701_255667 (JIT enabled, AOT enabled)
J9VM - R26_Java726_SR9_20150701_0050_B255667
JIT  - tr.r11_20150626_95120.01
GC   - R26_Java726_SR9_20150701_0050_B255667_CMPRSS
J9CL - 20150701_255667
BootLoader constants: OS=linux, ARCH=x86_64, WS=gtk, NL=fr_FR
Command-line arguments:  -clean -nl fr_FR -configuration /autofs/netapp/account/cremi/abbinzagr/opl/.metadata/workspace_oplrun

!ENTRY ilog.odms.ide.opllang.remote 1 0 2017-11-08 10:26:02.168
!MESSAGE Run Configuration 1 in /autofs/netapp/account/cremi/abbinzagr/opl/TP1
!SESSION 2017-11-08 10:26:06.313 -----------------------------------------------
eclipse.buildId=unknown
java.fullversion=JRE 1.7.0 IBM J9 2.6 Linux amd64-64 Compressed References 20150701_255667 (JIT enabled, AOT enabled)
J9VM - R26_Java726_SR9_20150701_0050_B255667
JIT  - tr.r11_20150626_95120.01
GC   - R26_Java726_SR9_20150701_0050_B255667_CMPRSS
J9CL - 20150701_255667
BootLoader constants: OS=linux, ARCH=x86_64, WS=gtk, NL=fr_FR
Command-line arguments:  -clean -nl fr_FR -configuration /autofs/netapp/account/cremi/abbinzagr/opl/.metadata/workspace_oplrun

!ENTRY ilog.odms.ide.opllang.remote 1 0 2017-11-08 10:26:06.314
!MESSAGE Run Configuration 1 in /autofs/netapp/account/cremi/abbinzagr/opl/TP1
!SESSION 2017-11-08 10:36:05.842 -----------------------------------------------
eclipse.buildId=unknown
java.fullversion=JRE 1.7.0 IBM J9 2.6 Linux amd64-64 Compressed References 20150701_255667 (JIT enabled, AOT enabled)
J9VM - R26_Java726_SR9_20150701_0050_B255667
JIT  - tr.r11_20150626_95120.01
GC   - R26_Java726_SR9_20150701_0050_B255667_CMPRSS
J9CL - 20150701_255667
BootLoader constants: OS=linux, ARCH=x86_64, WS=gtk, NL=fr_FR
Command-line arguments:  -clean -nl fr_FR -configuration /autofs/netapp/account/cremi/abbinzagr/opl/.metadata/workspace_oplrun

!ENTRY ilog.odms.ide.opllang.remote 1 0 2017-11-08 10:36:05.842
!MESSAGE Run Configuration 2 in /autofs/netapp/account/cremi/abbinzagr/opl/TP1
!SESSION 2017-11-08 10:36:58.407 -----------------------------------------------
eclipse.buildId=unknown
java.fullversion=JRE 1.7.0 IBM J9 2.6 Linux amd64-64 Compressed References 20150701_255667 (JIT enabled, AOT enabled)
J9VM - R26_Java726_SR9_20150701_0050_B255667
JIT  - tr.r11_20150626_95120.01
GC   - R26_Java726_SR9_20150701_0050_B255667_CMPRSS
J9CL - 20150701_255667
BootLoader constants: OS=linux, ARCH=x86_64, WS=gtk, NL=fr_FR
Command-line arguments:  -clean -nl fr_FR -configuration /autofs/netapp/account/cremi/abbinzagr/opl/.metadata/workspace_oplrun

!ENTRY ilog.odms.ide.opllang.remote 1 0 2017-11-08 10:36:58.408
!MESSAGE Run Configuration 2 in /autofs/netapp/account/cremi/abbinzagr/opl/TP1
!SESSION 2017-11-08 10:37:01.134 -----------------------------------------------
eclipse.buildId=unknown
java.fullversion=JRE 1.7.0 IBM J9 2.6 Linux amd64-64 Compressed References 20150701_255667 (JIT enabled, AOT enabled)
J9VM - R26_Java726_SR9_20150701_0050_B255667
JIT  - tr.r11_20150626_95120.01
GC   - R26_Java726_SR9_20150701_0050_B255667_CMPRSS
J9CL - 20150701_255667
BootLoader constants: OS=linux, ARCH=x86_64, WS=gtk, NL=fr_FR
Command-line arguments:  -clean -nl fr_FR -configuration /autofs/netapp/account/cremi/abbinzagr/opl/.metadata/workspace_oplrun

!ENTRY ilog.odms.ide.opllang.remote 1 0 2017-11-08 10:37:01.135
!MESSAGE Run Configuration 2 in /autofs/netapp/account/cremi/abbinzagr/opl/TP1
!SESSION 2017-11-08 10:38:40.307 -----------------------------------------------
eclipse.buildId=unknown
java.fullversion=JRE 1.7.0 IBM J9 2.6 Linux amd64-64 Compressed References 20150701_255667 (JIT enabled, AOT enabled)
J9VM - R26_Java726_SR9_20150701_0050_B255667
JIT  - tr.r11_20150626_95120.01
GC   - R26_Java726_SR9_20150701_0050_B255667_CMPRSS
J9CL - 20150701_255667
BootLoader constants: OS=linux, ARCH=x86_64, WS=gtk, NL=fr_FR
Command-line arguments:  -clean -nl fr_FR -configuration /autofs/netapp/account/cremi/abbinzagr/opl/.metadata/workspace_oplrun

!ENTRY ilog.odms.ide.opllang.remote 1 0 2017-11-08 10:38:40.307
!MESSAGE Run Configuration 2 in /autofs/netapp/account/cremi/abbinzagr/opl/TP1
!SESSION 2017-11-08 10:48:01.528 -----------------------------------------------
eclipse.buildId=unknown
java.fullversion=JRE 1.7.0 IBM J9 2.6 Linux amd64-64 Compressed References 20150701_255667 (JIT enabled, AOT enabled)
J9VM - R26_Java726_SR9_20150701_0050_B255667
JIT  - tr.r11_20150626_95120.01
GC   - R26_Java726_SR9_20150701_0050_B255667_CMPRSS
J9CL - 20150701_255667
BootLoader constants: OS=linux, ARCH=x86_64, WS=gtk, NL=fr_FR
Command-line arguments:  -clean -nl fr_FR -configuration /autofs/netapp/account/cremi/abbinzagr/opl/.metadata/workspace_oplrun

!ENTRY ilog.odms.ide.opllang.remote 1 0 2017-11-08 10:48:01.528
!MESSAGE Run tableaux in /autofs/netapp/account/cremi/abbinzagr/opl/TP1

!ENTRY ilog.odms.ide.opllang.remote 4 0 2017-11-08 10:48:01.603
!MESSAGE run failed
!STACK 0
ilog.concert.IloException: Echec du traitement.
	at ilog.opl.opl_lang_wrapJNI.IloOplModel_getModel(Native Method)
	at ilog.opl.IloOplModel.getModel(IloOplModel.java:543)
	at ilog.odms.ide.opllang.run.IloAbstractRunShell.loadModel(IloAbstractRunShell.java:1198)
	at ilog.odms.ide.opllang.remote.IloOplRunConfigRunner.doProcessModel(IloOplRunConfigRunner.java:162)
	at ilog.odms.ide.opllang.remote.IloOplRunConfigRunner.doRun(IloOplRunConfigRunner.java:398)
	at ilog.odms.ide.opllang.run.IloAbstractRunShell$2.run(IloAbstractRunShell.java:1589)
	at org.eclipse.core.internal.jobs.Worker.run(Worker.java:53)
!SESSION 2017-11-08 10:49:05.316 -----------------------------------------------
eclipse.buildId=unknown
java.fullversion=JRE 1.7.0 IBM J9 2.6 Linux amd64-64 Compressed References 20150701_255667 (JIT enabled, AOT enabled)
J9VM - R26_Java726_SR9_20150701_0050_B255667
JIT  - tr.r11_20150626_95120.01
GC   - R26_Java726_SR9_20150701_0050_B255667_CMPRSS
J9CL - 20150701_255667
BootLoader constants: OS=linux, ARCH=x86_64, WS=gtk, NL=fr_FR
Command-line arguments:  -clean -nl fr_FR -configuration /autofs/netapp/account/cremi/abbinzagr/opl/.metadata/workspace_oplrun

!ENTRY ilog.odms.ide.opllang.remote 1 0 2017-11-08 10:49:05.316
!MESSAGE Run tableaux in /autofs/netapp/account/cremi/abbinzagr/opl/TP1
!SESSION 2017-11-08 12:00:17.617 -----------------------------------------------
eclipse.buildId=unknown
java.fullversion=JRE 1.7.0 IBM J9 2.6 Linux amd64-64 Compressed References 20150701_255667 (JIT enabled, AOT enabled)
J9VM - R26_Java726_SR9_20150701_0050_B255667
JIT  - tr.r11_20150626_95120.01
GC   - R26_Java726_SR9_20150701_0050_B255667_CMPRSS
J9CL - 20150701_255667
BootLoader constants: OS=linux, ARCH=x86_64, WS=gtk, NL=fr_FR
Command-line arguments:  -clean -nl fr_FR -configuration /autofs/netapp/account/cremi/abbinzagr/opl/.metadata/workspace_oplrun

!ENTRY ilog.odms.ide.opllang.remote 1 0 2017-11-08 12:00:17.618
!MESSAGE Run pate in /autofs/netapp/account/cremi/abbinzagr/opl/TP1

!ENTRY ilog.odms.ide.opllang.remote 4 0 2017-11-08 12:00:17.687
!MESSAGE run failed
!STACK 0
ilog.concert.IloException: Echec du traitement.
	at ilog.opl.opl_lang_wrapJNI.IloOplModel_getModel(Native Method)
	at ilog.opl.IloOplModel.getModel(IloOplModel.java:543)
	at ilog.odms.ide.opllang.run.IloAbstractRunShell.loadModel(IloAbstractRunShell.java:1198)
	at ilog.odms.ide.opllang.remote.IloOplRunConfigRunner.doProcessModel(IloOplRunConfigRunner.java:162)
	at ilog.odms.ide.opllang.remote.IloOplRunConfigRunner.doRun(IloOplRunConfigRunner.java:398)
	at ilog.odms.ide.opllang.run.IloAbstractRunShell$2.run(IloAbstractRunShell.java:1589)
	at org.eclipse.core.internal.jobs.Worker.run(Worker.java:53)
!SESSION 2017-11-08 12:12:17.646 -----------------------------------------------
eclipse.buildId=unknown
java.fullversion=JRE 1.7.0 IBM J9 2.6 Linux amd64-64 Compressed References 20150701_255667 (JIT enabled, AOT enabled)
J9VM - R26_Java726_SR9_20150701_0050_B255667
JIT  - tr.r11_20150626_95120.01
GC   - R26_Java726_SR9_20150701_0050_B255667_CMPRSS
J9CL - 20150701_255667
BootLoader constants: OS=linux, ARCH=x86_64, WS=gtk, NL=fr_FR
Command-line arguments:  -clean -nl fr_FR -configuration /autofs/netapp/account/cremi/abbinzagr/opl/.metadata/workspace_oplrun

!ENTRY ilog.odms.ide.opllang.remote 1 0 2017-11-08 12:12:17.647
!MESSAGE Run pate in /autofs/netapp/account/cremi/abbinzagr/opl/TP1

!ENTRY ilog.odms.ide.opllang.remote 4 0 2017-11-08 12:12:17.698
!MESSAGE run failed
!STACK 0
ilog.concert.IloException: Echec du traitement.
	at ilog.opl.opl_lang_wrapJNI.IloOplModel_getModel(Native Method)
	at ilog.opl.IloOplModel.getModel(IloOplModel.java:543)
	at ilog.odms.ide.opllang.run.IloAbstractRunShell.loadModel(IloAbstractRunShell.java:1198)
	at ilog.odms.ide.opllang.remote.IloOplRunConfigRunner.doProcessModel(IloOplRunConfigRunner.java:162)
	at ilog.odms.ide.opllang.remote.IloOplRunConfigRunner.doRun(IloOplRunConfigRunner.java:398)
	at ilog.odms.ide.opllang.run.IloAbstractRunShell$2.run(IloAbstractRunShell.java:1589)
	at org.eclipse.core.internal.jobs.Worker.run(Worker.java:53)
!SESSION 2017-11-08 12:13:36.895 -----------------------------------------------
eclipse.buildId=unknown
java.fullversion=JRE 1.7.0 IBM J9 2.6 Linux amd64-64 Compressed References 20150701_255667 (JIT enabled, AOT enabled)
J9VM - R26_Java726_SR9_20150701_0050_B255667
JIT  - tr.r11_20150626_95120.01
GC   - R26_Java726_SR9_20150701_0050_B255667_CMPRSS
J9CL - 20150701_255667
BootLoader constants: OS=linux, ARCH=x86_64, WS=gtk, NL=fr_FR
Command-line arguments:  -clean -nl fr_FR -configuration /autofs/netapp/account/cremi/abbinzagr/opl/.metadata/workspace_oplrun

!ENTRY ilog.odms.ide.opllang.remote 1 0 2017-11-08 12:13:36.896
!MESSAGE Run pate in /autofs/netapp/account/cremi/abbinzagr/opl/TP1

!ENTRY ilog.odms.ide.opllang.remote 4 0 2017-11-08 12:13:36.943
!MESSAGE run failed
!STACK 0
ilog.concert.IloException: Echec du traitement.
	at ilog.opl.opl_lang_wrapJNI.IloOplModel_getModel(Native Method)
	at ilog.opl.IloOplModel.getModel(IloOplModel.java:543)
	at ilog.odms.ide.opllang.run.IloAbstractRunShell.loadModel(IloAbstractRunShell.java:1198)
	at ilog.odms.ide.opllang.remote.IloOplRunConfigRunner.doProcessModel(IloOplRunConfigRunner.java:162)
	at ilog.odms.ide.opllang.remote.IloOplRunConfigRunner.doRun(IloOplRunConfigRunner.java:398)
	at ilog.odms.ide.opllang.run.IloAbstractRunShell$2.run(IloAbstractRunShell.java:1589)
	at org.eclipse.core.internal.jobs.Worker.run(Worker.java:53)
!SESSION 2017-11-08 12:14:17.612 -----------------------------------------------
eclipse.buildId=unknown
java.fullversion=JRE 1.7.0 IBM J9 2.6 Linux amd64-64 Compressed References 20150701_255667 (JIT enabled, AOT enabled)
J9VM - R26_Java726_SR9_20150701_0050_B255667
JIT  - tr.r11_20150626_95120.01
GC   - R26_Java726_SR9_20150701_0050_B255667_CMPRSS
J9CL - 20150701_255667
BootLoader constants: OS=linux, ARCH=x86_64, WS=gtk, NL=fr_FR
Command-line arguments:  -clean -nl fr_FR -configuration /autofs/netapp/account/cremi/abbinzagr/opl/.metadata/workspace_oplrun

!ENTRY ilog.odms.ide.opllang.remote 1 0 2017-11-08 12:14:17.612
!MESSAGE Run pate in /autofs/netapp/account/cremi/abbinzagr/opl/TP1
!SESSION 2017-11-08 12:14:20.288 -----------------------------------------------
eclipse.buildId=unknown
java.fullversion=JRE 1.7.0 IBM J9 2.6 Linux amd64-64 Compressed References 20150701_255667 (JIT enabled, AOT enabled)
J9VM - R26_Java726_SR9_20150701_0050_B255667
JIT  - tr.r11_20150626_95120.01
GC   - R26_Java726_SR9_20150701_0050_B255667_CMPRSS
J9CL - 20150701_255667
BootLoader constants: OS=linux, ARCH=x86_64, WS=gtk, NL=fr_FR
Command-line arguments:  -clean -nl fr_FR -configuration /autofs/netapp/account/cremi/abbinzagr/opl/.metadata/workspace_oplrun

!ENTRY ilog.odms.ide.opllang.remote 1 0 2017-11-08 12:14:20.288
!MESSAGE Run pate in /autofs/netapp/account/cremi/abbinzagr/opl/TP1
!SESSION 2017-11-08 12:14:57.141 -----------------------------------------------
eclipse.buildId=unknown
java.fullversion=JRE 1.7.0 IBM J9 2.6 Linux amd64-64 Compressed References 20150701_255667 (JIT enabled, AOT enabled)
J9VM - R26_Java726_SR9_20150701_0050_B255667
JIT  - tr.r11_20150626_95120.01
GC   - R26_Java726_SR9_20150701_0050_B255667_CMPRSS
J9CL - 20150701_255667
BootLoader constants: OS=linux, ARCH=x86_64, WS=gtk, NL=fr_FR
Command-line arguments:  -clean -nl fr_FR -configuration /autofs/netapp/account/cremi/abbinzagr/opl/.metadata/workspace_oplrun

!ENTRY ilog.odms.ide.opllang.remote 1 0 2017-11-08 12:14:57.141
!MESSAGE Run pate in /autofs/netapp/account/cremi/abbinzagr/opl/TP1
!SESSION 2017-11-14 19:06:53.776 -----------------------------------------------
eclipse.buildId=unknown
java.fullversion=JRE 1.7.0 IBM J9 2.6 Linux amd64-64 Compressed References 20150701_255667 (JIT enabled, AOT enabled)
J9VM - R26_Java726_SR9_20150701_0050_B255667
JIT  - tr.r11_20150626_95120.01
GC   - R26_Java726_SR9_20150701_0050_B255667_CMPRSS
J9CL - 20150701_255667
BootLoader constants: OS=linux, ARCH=x86_64, WS=gtk, NL=fr_FR
Command-line arguments:  -clean -nl fr_FR -configuration /autofs/netapp/account/cremi/abbinzagr/opl/.metadata/workspace_oplrun

!ENTRY ilog.odms.ide.opllang.remote 1 0 2017-11-14 19:06:53.776
!MESSAGE Run pate in /autofs/netapp/account/cremi/abbinzagr/opl/TP1
!SESSION 2017-11-14 19:08:12.532 -----------------------------------------------
eclipse.buildId=unknown
java.fullversion=JRE 1.7.0 IBM J9 2.6 Linux amd64-64 Compressed References 20150701_255667 (JIT enabled, AOT enabled)
J9VM - R26_Java726_SR9_20150701_0050_B255667
JIT  - tr.r11_20150626_95120.01
GC   - R26_Java726_SR9_20150701_0050_B255667_CMPRSS
J9CL - 20150701_255667
BootLoader constants: OS=linux, ARCH=x86_64, WS=gtk, NL=fr_FR
Command-line arguments:  -clean -nl fr_FR -configuration /autofs/netapp/account/cremi/abbinzagr/opl/.metadata/workspace_oplrun

!ENTRY ilog.odms.ide.opllang.remote 1 0 2017-11-14 19:08:12.533
!MESSAGE Run pate in /autofs/netapp/account/cremi/abbinzagr/opl/TP1
!SESSION 2017-12-06 11:58:58.152 -----------------------------------------------
eclipse.buildId=unknown
java.fullversion=JRE 1.7.0 IBM J9 2.6 Linux amd64-64 Compressed References 20150701_255667 (JIT enabled, AOT enabled)
J9VM - R26_Java726_SR9_20150701_0050_B255667
JIT  - tr.r11_20150626_95120.01
GC   - R26_Java726_SR9_20150701_0050_B255667_CMPRSS
J9CL - 20150701_255667
BootLoader constants: OS=linux, ARCH=x86_64, WS=gtk, NL=fr_FR
Command-line arguments:  -clean -nl fr_FR -configuration /autofs/netapp/account/cremi/abbinzagr/opl/.metadata/workspace_oplrun

!ENTRY ilog.odms.ide.opllang.remote 1 0 2017-12-06 11:58:58.152
!MESSAGE Run relaxation in /autofs/netapp/account/cremi/abbinzagr/opl/TP2

!ENTRY ilog.odms.ide.opllang.remote 4 0 2017-12-06 11:58:58.758
!MESSAGE load failed
!STACK 1
org.eclipse.core.runtime.CoreException: load failed
	at ilog.odms.ide.opllang.remote.IloOplRunConfigRunner.doSetUpModel(IloOplRunConfigRunner.java:151)
	at ilog.odms.ide.opllang.remote.IloOplRunConfigRunner.doRun(IloOplRunConfigRunner.java:395)
	at ilog.odms.ide.opllang.run.IloAbstractRunShell$2.run(IloAbstractRunShell.java:1589)
	at org.eclipse.core.internal.jobs.Worker.run(Worker.java:53)
Caused by: ilog.concert.IloException: La configuration d'exécution "relaxation" n'est pas valide.
	at ilog.opl.opl_lang_wrapJNI.IloOplRunConfiguration_getCppOplModel(Native Method)
	at ilog.opl.IloOplRunConfiguration.getCppOplModel(IloOplRunConfiguration.java:238)
	at ilog.opl.IloOplRunConfiguration.getOplModel(IloOplRunConfiguration.java:116)
	at ilog.odms.ide.opllang.remote.IloOplRunConfigRunner.doSetUpModel(IloOplRunConfigRunner.java:145)
	... 3 more
!SUBENTRY 1 ilog.odms.ide.opllang.remote 4 0 2017-12-06 11:58:58.759
!MESSAGE load failed
!STACK 0
ilog.concert.IloException: La configuration d'exécution "relaxation" n'est pas valide.
	at ilog.opl.opl_lang_wrapJNI.IloOplRunConfiguration_getCppOplModel(Native Method)
	at ilog.opl.IloOplRunConfiguration.getCppOplModel(IloOplRunConfiguration.java:238)
	at ilog.opl.IloOplRunConfiguration.getOplModel(IloOplRunConfiguration.java:116)
	at ilog.odms.ide.opllang.remote.IloOplRunConfigRunner.doSetUpModel(IloOplRunConfigRunner.java:145)
	at ilog.odms.ide.opllang.remote.IloOplRunConfigRunner.doRun(IloOplRunConfigRunner.java:395)
	at ilog.odms.ide.opllang.run.IloAbstractRunShell$2.run(IloAbstractRunShell.java:1589)
	at org.eclipse.core.internal.jobs.Worker.run(Worker.java:53)
!SESSION 2017-12-06 12:03:55.372 -----------------------------------------------
eclipse.buildId=unknown
java.fullversion=JRE 1.7.0 IBM J9 2.6 Linux amd64-64 Compressed References 20150701_255667 (JIT enabled, AOT enabled)
J9VM - R26_Java726_SR9_20150701_0050_B255667
JIT  - tr.r11_20150626_95120.01
GC   - R26_Java726_SR9_20150701_0050_B255667_CMPRSS
J9CL - 20150701_255667
BootLoader constants: OS=linux, ARCH=x86_64, WS=gtk, NL=fr_FR
Command-line arguments:  -clean -nl fr_FR -configuration /autofs/netapp/account/cremi/abbinzagr/opl/.metadata/workspace_oplrun

!ENTRY ilog.odms.ide.opllang.remote 1 0 2017-12-06 12:03:55.373
!MESSAGE Run langragienne in /autofs/netapp/account/cremi/abbinzagr/opl/TP2

!ENTRY ilog.odms.ide.opllang.remote 4 0 2017-12-06 12:03:55.399
!MESSAGE load failed
!STACK 1
org.eclipse.core.runtime.CoreException: load failed
	at ilog.odms.ide.opllang.remote.IloOplRunConfigRunner.doSetUpModel(IloOplRunConfigRunner.java:151)
	at ilog.odms.ide.opllang.remote.IloOplRunConfigRunner.doRun(IloOplRunConfigRunner.java:395)
	at ilog.odms.ide.opllang.run.IloAbstractRunShell$2.run(IloAbstractRunShell.java:1589)
	at org.eclipse.core.internal.jobs.Worker.run(Worker.java:53)
Caused by: ilog.concert.IloException: La configuration d'exécution "langragienne" n'est pas valide.
	at ilog.opl.opl_lang_wrapJNI.IloOplRunConfiguration_getCppOplModel(Native Method)
	at ilog.opl.IloOplRunConfiguration.getCppOplModel(IloOplRunConfiguration.java:238)
	at ilog.opl.IloOplRunConfiguration.getOplModel(IloOplRunConfiguration.java:116)
	at ilog.odms.ide.opllang.remote.IloOplRunConfigRunner.doSetUpModel(IloOplRunConfigRunner.java:145)
	... 3 more
!SUBENTRY 1 ilog.odms.ide.opllang.remote 4 0 2017-12-06 12:03:55.400
!MESSAGE load failed
!STACK 0
ilog.concert.IloException: La configuration d'exécution "langragienne" n'est pas valide.
	at ilog.opl.opl_lang_wrapJNI.IloOplRunConfiguration_getCppOplModel(Native Method)
	at ilog.opl.IloOplRunConfiguration.getCppOplModel(IloOplRunConfiguration.java:238)
	at ilog.opl.IloOplRunConfiguration.getOplModel(IloOplRunConfiguration.java:116)
	at ilog.odms.ide.opllang.remote.IloOplRunConfigRunner.doSetUpModel(IloOplRunConfigRunner.java:145)
	at ilog.odms.ide.opllang.remote.IloOplRunConfigRunner.doRun(IloOplRunConfigRunner.java:395)
	at ilog.odms.ide.opllang.run.IloAbstractRunShell$2.run(IloAbstractRunShell.java:1589)
	at org.eclipse.core.internal.jobs.Worker.run(Worker.java:53)
